[debug] [2025-06-29T22:16:59.123Z] ----------------------------------------------------------------------
[debug] [2025-06-29T22:16:59.125Z] Command:       C:\Program Files\nodejs\node.exe C:\Users\DELL\AppData\Roaming\npm\node_modules\firebase-tools\lib\bin\firebase.js functions:shell
[debug] [2025-06-29T22:16:59.125Z] CLI Version:   14.6.0
[debug] [2025-06-29T22:16:59.126Z] Platform:      win32
[debug] [2025-06-29T22:16:59.126Z] Node Version:  v20.18.0
[debug] [2025-06-29T22:16:59.126Z] Time:          Mon Jun 30 2025 03:46:59 GMT+0530 (India Standard Time)
[debug] [2025-06-29T22:16:59.126Z] ----------------------------------------------------------------------
[debug] 
[debug] [2025-06-29T22:16:59.375Z] > command requires scopes: ["email","openid","https://www.googleapis.com/auth/cloudplatformprojects.readonly","https://www.googleapis.com/auth/firebase","https://www.googleapis.com/auth/cloud-platform"]
[debug] [2025-06-29T22:16:59.375Z] > authorizing via signed-in user (luckychelani950@gmail.com)
[debug] [2025-06-29T22:16:59.375Z] [iam] checking project trovia-142e1 for permissions ["firebase.projects.get"]
[debug] [2025-06-29T22:16:59.377Z] Checked if tokens are valid: true, expires at: 1751238679573
[debug] [2025-06-29T22:16:59.377Z] Checked if tokens are valid: true, expires at: 1751238679573
[debug] [2025-06-29T22:16:59.378Z] >>> [apiv2][query] POST https://cloudresourcemanager.googleapis.com/v1/projects/trovia-142e1:testIamPermissions [none]
[debug] [2025-06-29T22:16:59.378Z] >>> [apiv2][(partial)header] POST https://cloudresourcemanager.googleapis.com/v1/projects/trovia-142e1:testIamPermissions x-goog-quota-user=projects/trovia-142e1
[debug] [2025-06-29T22:16:59.379Z] >>> [apiv2][body] POST https://cloudresourcemanager.googleapis.com/v1/projects/trovia-142e1:testIamPermissions {"permissions":["firebase.projects.get"]}
[debug] [2025-06-29T22:17:01.953Z] <<< [apiv2][status] POST https://cloudresourcemanager.googleapis.com/v1/projects/trovia-142e1:testIamPermissions 200
[debug] [2025-06-29T22:17:01.954Z] <<< [apiv2][body] POST https://cloudresourcemanager.googleapis.com/v1/projects/trovia-142e1:testIamPermissions {"permissions":["firebase.projects.get"]}
[debug] [2025-06-29T22:17:01.959Z] [functions] Functions Emulator only supports listening on one address (127.0.0.1). Not listening on ::1
[debug] [2025-06-29T22:17:02.030Z] defaultcredentials: writing to file C:\Users\DELL\AppData\Roaming\firebase\luckychelani950_gmail_com_application_default_credentials.json
[debug] [2025-06-29T22:17:02.033Z] DEBUG: Setting GAC to C:\Users\DELL\AppData\Roaming\firebase\luckychelani950_gmail_com_application_default_credentials.json
[debug] [2025-06-29T22:17:02.033Z] Checked if tokens are valid: true, expires at: 1751238679573
[debug] [2025-06-29T22:17:02.033Z] Checked if tokens are valid: true, expires at: 1751238679573
[debug] [2025-06-29T22:17:02.034Z] >>> [apiv2][query] GET https://firebase.googleapis.com/v1beta1/projects/trovia-142e1/adminSdkConfig [none]
[debug] [2025-06-29T22:17:02.978Z] <<< [apiv2][status] GET https://firebase.googleapis.com/v1beta1/projects/trovia-142e1/adminSdkConfig 200
[debug] [2025-06-29T22:17:02.979Z] <<< [apiv2][body] GET https://firebase.googleapis.com/v1beta1/projects/trovia-142e1/adminSdkConfig {"projectId":"trovia-142e1","storageBucket":"trovia-142e1.firebasestorage.app"}
[debug] [2025-06-29T22:17:03.003Z] [functions] Watching "C:\Users\DELL\Documents\Coders\test\functions" for Cloud Functions...
